Arguments: 
  /usr/local/bin/node /usr/local/Cellar/yarn/1.19.1/libexec/bin/yarn.js cache clean

PATH: 
  /Library/Frameworks/Python.framework/Versions/3.6/bin:/usr/local/bin:/usr/bin:/bin:/usr/sbin:/sbin:/Library/Frameworks/Mono.framework/Versions/Current/Commands:/Library/Frameworks/Python.framework/Versions/3.6/bin

Yarn version: 
  1.19.1

Node version: 
  10.16.3

Platform: 
  darwin x64

Trace: 
  SyntaxError: /Users/eshell/dev/nomad-learning/nomad-typeScript/package.json: Unexpected end of JSON input
      at JSON.parse (<anonymous>)
      at /usr/local/Cellar/yarn/1.19.1/libexec/lib/cli.js:1625:59
      at Generator.next (<anonymous>)
      at step (/usr/local/Cellar/yarn/1.19.1/libexec/lib/cli.js:304:30)
      at /usr/local/Cellar/yarn/1.19.1/libexec/lib/cli.js:315:13

npm manifest: 
  {
    "name": "nomad-typeScript",
    "version": "1.0.0",
    "main": "index.js",
    "repository": "https://github.com/eshellster/nomad-typeScript.git",
    "author": "eshell <eshellster@gmail.com>",
    "license": "MIT",
    "scrips":{
      "start":"node index.js",
      "prestart":"tsc"
    
  }

yarn manifest: 
  No manifest

Lockfile: 
  No lockfile
